<?xml version="1.0"?>
<testsuite name="PhantomJS 2.1.1 (Mac OS X 0.0.0)" package="" timestamp="2016-11-05T16:56:36" id="0" hostname="marcot" tests="0" errors="1" failures="0" time="0">
  <properties>
    <property name="browser.fullName" value="Mozilla/5.0 (Macintosh; Intel Mac OS X) AppleWebKit/538.1 (KHTML, like Gecko) PhantomJS/2.1.1 Safari/538.1"/>
  </properties>
  <system-out>
    <![CDATA[PhantomJS 2.1.1 (Mac OS X 0.0.0) ERROR
  SyntaxError: Expected token 'in'
  at app.js:16

]]>
  </system-out>
  <system-err/>
</testsuite>